Looking for git in: git
Using git 2.25.1 from git
> git rev-parse --show-toplevel
> git rev-parse --git-dir
Open repository: /root/DockerKubernetes-ws/frontend
> git status -z -u
> git symbolic-ref --short HEAD
> git rev-parse master
> git rev-parse --symbolic-full-name master@{u}
fatal: no upstream configured for branch 'master'
> git for-each-ref --format %(refname) %(objectname) --sort -committerdate
> git remote --verbose
> git config --get commit.template
> git check-ignore -v -z --stdin
> git check-ignore -v -z --stdin
> git status -z -u
> git symbolic-ref --short HEAD
> git show :Dockerfile.dev
> git ls-files --stage -- /root/DockerKubernetes-ws/frontend/Dockerfile.dev
> git rev-parse master
> git rev-parse --symbolic-full-name master@{u}
fatal: no upstream configured for branch 'master'
> git for-each-ref --format %(refname) %(objectname) --sort -committerdate
> git remote --verbose
> git config --get commit.template
> git status -z -u
> git symbolic-ref --short HEAD
> git rev-parse master
> git rev-parse --symbolic-full-name master@{u}
fatal: no upstream configured for branch 'master'
> git for-each-ref --format %(refname) %(objectname) --sort -committerdate
> git remote --verbose
> git config --get commit.template
> git status -z -u
> git symbolic-ref --short HEAD
> git rev-parse master
> git rev-parse --symbolic-full-name master@{u}
fatal: no upstream configured for branch 'master'
> git for-each-ref --format %(refname) %(objectname) --sort -committerdate
> git remote --verbose
> git config --get commit.template
> git status -z -u
> git symbolic-ref --short HEAD
> git rev-parse master
> git rev-parse --symbolic-full-name master@{u}
fatal: no upstream configured for branch 'master'
> git for-each-ref --format %(refname) %(objectname) --sort -committerdate
> git remote --verbose
> git config --get commit.template
> git status -z -u
> git symbolic-ref --short HEAD
> git rev-parse master
> git rev-parse --symbolic-full-name master@{u}
fatal: no upstream configured for branch 'master'
> git for-each-ref --format %(refname) %(objectname) --sort -committerdate
> git remote --verbose
> git config --get commit.template
> git show :package.json
> git ls-files --stage -- /root/DockerKubernetes-ws/frontend/package.json
> git cat-file -s 8a04ba41b2c87392495fc3ea6d44a5ce75ca21ea
> git show :package-lock.json
> git ls-files --stage -- /root/DockerKubernetes-ws/frontend/package-lock.json
> git cat-file -s 6a08d567f8fff2d78e46247bb932009dbc22ae38
> git status -z -u
> git symbolic-ref --short HEAD
> git rev-parse master
> git rev-parse --symbolic-full-name master@{u}
fatal: no upstream configured for branch 'master'
> git for-each-ref --format %(refname) %(objectname) --sort -committerdate
> git remote --verbose
> git config --get commit.template
> git status -z -u
> git symbolic-ref --short HEAD
> git rev-parse master
> git rev-parse --symbolic-full-name master@{u}
fatal: no upstream configured for branch 'master'
> git for-each-ref --format %(refname) %(objectname) --sort -committerdate
> git remote --verbose
> git config --get commit.template
> git show :package.json
> git ls-files --stage -- /root/DockerKubernetes-ws/frontend/package.json
> git cat-file -s 8a04ba41b2c87392495fc3ea6d44a5ce75ca21ea
> git show :package-lock.json
> git ls-files --stage -- /root/DockerKubernetes-ws/frontend/package-lock.json
> git cat-file -s 6a08d567f8fff2d78e46247bb932009dbc22ae38
> git show :Dockerfile.dev
> git ls-files --stage -- /root/DockerKubernetes-ws/frontend/Dockerfile.dev
> git status -z -u
> git symbolic-ref --short HEAD
> git rev-parse master
> git rev-parse --symbolic-full-name master@{u}
fatal: no upstream configured for branch 'master'
> git for-each-ref --format %(refname) %(objectname) --sort -committerdate
> git remote --verbose
> git config --get commit.template
> git status -z -u
> git symbolic-ref --short HEAD
> git rev-parse master
> git rev-parse --symbolic-full-name master@{u}
fatal: no upstream configured for branch 'master'
> git for-each-ref --format %(refname) %(objectname) --sort -committerdate
> git remote --verbose
> git config --get commit.template
> git status -z -u
> git symbolic-ref --short HEAD
> git rev-parse master
> git rev-parse --symbolic-full-name master@{u}
fatal: no upstream configured for branch 'master'
> git for-each-ref --format %(refname) %(objectname) --sort -committerdate
> git remote --verbose
> git config --get commit.template
> git check-ignore -v -z --stdin
> git log --format=%H%n%aN%n%aE%n%at%n%ct%n%P%n%B -z -n21 -- /root/DockerKubernetes-ws/frontend/Dockerfile.dev
> git check-ignore -v -z --stdin
> git show :src/index.js
> git ls-files --stage -- /root/DockerKubernetes-ws/frontend/src/index.js
> git cat-file -s f5185c1ec7a5dccf30b55a8e3f89afc3eca764a1
> git show :public/index.html
> git ls-files --stage -- /root/DockerKubernetes-ws/frontend/public/index.html
> git cat-file -s aa069f27cbd9d53394428171c3989fd03db73c76
> git log --format=%H%n%aN%n%aE%n%at%n%ct%n%P%n%B -z -n21 -- /root/DockerKubernetes-ws/frontend/public/index.html
> git show :src/App.js
> git ls-files --stage -- /root/DockerKubernetes-ws/frontend/src/App.js
> git cat-file -s ce9cbd2946d6962cfc19d65c8cb91757d8f4d4c6
> git status -z -u
> git symbolic-ref --short HEAD
> git rev-parse master
> git rev-parse --symbolic-full-name master@{u}
fatal: no upstream configured for branch 'master'
> git for-each-ref --format %(refname) %(objectname) --sort -committerdate
> git remote --verbose
> git config --get commit.template
> git show :Dockerfile.dev
> git ls-files --stage -- /root/DockerKubernetes-ws/frontend/Dockerfile.dev
> git show :src/App.js
> git ls-files --stage -- /root/DockerKubernetes-ws/frontend/src/App.js
> git cat-file -s ce9cbd2946d6962cfc19d65c8cb91757d8f4d4c6
> git show :Dockerfile.dev
> git ls-files --stage -- /root/DockerKubernetes-ws/frontend/Dockerfile.dev
> git show :docker-compose.yml
> git ls-files --stage -- /root/DockerKubernetes-ws/frontend/docker-compose.yml
> git check-ignore -v -z --stdin
> git status -z -u
> git symbolic-ref --short HEAD
> git rev-parse master
> git rev-parse --symbolic-full-name master@{u}
fatal: no upstream configured for branch 'master'
> git for-each-ref --format %(refname) %(objectname) --sort -committerdate
> git remote --verbose
> git config --get commit.template
> git status -z -u
> git symbolic-ref --short HEAD
> git rev-parse master
> git rev-parse --symbolic-full-name master@{u}
fatal: no upstream configured for branch 'master'
> git for-each-ref --format %(refname) %(objectname) --sort -committerdate
> git remote --verbose
> git config --get commit.template
> git status -z -u
> git symbolic-ref --short HEAD
> git rev-parse master
> git rev-parse --symbolic-full-name master@{u}
fatal: no upstream configured for branch 'master'
> git for-each-ref --format %(refname) %(objectname) --sort -committerdate
> git remote --verbose
> git config --get commit.template
> git status -z -u
> git symbolic-ref --short HEAD
> git rev-parse master
> git rev-parse --symbolic-full-name master@{u}
fatal: no upstream configured for branch 'master'
> git for-each-ref --format %(refname) %(objectname) --sort -committerdate
> git remote --verbose
> git config --get commit.template
