[2020-04-22 06:21:07.429] [renderer1] [error] Bad progress location: timeline: Error: Bad progress location: timeline
    at e.withProgress (file:///usr/share/code/resources/app/out/vs/workbench/workbench.desktop.main.js:5496:646)
    at e.handleRequest (file:///usr/share/code/resources/app/out/vs/workbench/workbench.desktop.main.js:7015:834)
    at e.loadTimelineForSource (file:///usr/share/code/resources/app/out/vs/workbench/workbench.desktop.main.js:7015:425)
    at e.loadTimeline (file:///usr/share/code/resources/app/out/vs/workbench/workbench.desktop.main.js:7014:601)
    at e.setUriCore (file:///usr/share/code/resources/app/out/vs/workbench/workbench.desktop.main.js:7011:268)
    at e.onActiveEditorChanged (file:///usr/share/code/resources/app/out/vs/workbench/workbench.desktop.main.js:7012:632)
    at e.fire (file:///usr/share/code/resources/app/out/vs/workbench/workbench.desktop.main.js:99:821)
    at e.doHandleActiveEditorChangeEvent (file:///usr/share/code/resources/app/out/vs/workbench/workbench.desktop.main.js:5773:318)
    at e.handleActiveEditorChange (file:///usr/share/code/resources/app/out/vs/workbench/workbench.desktop.main.js:5773:116)
    at file:///usr/share/code/resources/app/out/vs/workbench/workbench.desktop.main.js:5773:428
    at e.fire (file:///usr/share/code/resources/app/out/vs/workbench/workbench.desktop.main.js:99:801)
    at file:///usr/share/code/resources/app/out/vs/workbench/workbench.desktop.main.js:5979:990
    at async e.openEditor (file:///usr/share/code/resources/app/out/vs/workbench/workbench.desktop.main.js:5978:789)
[2020-04-22 06:22:40.211] [renderer1] [error] Bad progress location: timeline: Error: Bad progress location: timeline
    at e.withProgress (file:///usr/share/code/resources/app/out/vs/workbench/workbench.desktop.main.js:5496:646)
    at e.handleRequest (file:///usr/share/code/resources/app/out/vs/workbench/workbench.desktop.main.js:7015:834)
    at e.loadTimelineForSource (file:///usr/share/code/resources/app/out/vs/workbench/workbench.desktop.main.js:7015:425)
    at e.loadTimeline (file:///usr/share/code/resources/app/out/vs/workbench/workbench.desktop.main.js:7014:601)
    at e.setUriCore (file:///usr/share/code/resources/app/out/vs/workbench/workbench.desktop.main.js:7011:268)
    at e.onActiveEditorChanged (file:///usr/share/code/resources/app/out/vs/workbench/workbench.desktop.main.js:7012:632)
    at e.fire (file:///usr/share/code/resources/app/out/vs/workbench/workbench.desktop.main.js:99:821)
    at e.doHandleActiveEditorChangeEvent (file:///usr/share/code/resources/app/out/vs/workbench/workbench.desktop.main.js:5773:318)
    at e.handleActiveEditorChange (file:///usr/share/code/resources/app/out/vs/workbench/workbench.desktop.main.js:5773:116)
    at file:///usr/share/code/resources/app/out/vs/workbench/workbench.desktop.main.js:5773:428
    at e.fire (file:///usr/share/code/resources/app/out/vs/workbench/workbench.desktop.main.js:99:801)
    at file:///usr/share/code/resources/app/out/vs/workbench/workbench.desktop.main.js:5979:990
    at async e.openEditor (file:///usr/share/code/resources/app/out/vs/workbench/workbench.desktop.main.js:5978:789)
[2020-04-22 06:24:06.925] [renderer1] [error] Bad progress location: timeline: Error: Bad progress location: timeline
    at e.withProgress (file:///usr/share/code/resources/app/out/vs/workbench/workbench.desktop.main.js:5496:646)
    at e.handleRequest (file:///usr/share/code/resources/app/out/vs/workbench/workbench.desktop.main.js:7015:834)
    at e.loadTimelineForSource (file:///usr/share/code/resources/app/out/vs/workbench/workbench.desktop.main.js:7015:425)
    at e.loadTimeline (file:///usr/share/code/resources/app/out/vs/workbench/workbench.desktop.main.js:7014:601)
    at e.setUriCore (file:///usr/share/code/resources/app/out/vs/workbench/workbench.desktop.main.js:7011:268)
    at e.onActiveEditorChanged (file:///usr/share/code/resources/app/out/vs/workbench/workbench.desktop.main.js:7012:632)
    at e.fire (file:///usr/share/code/resources/app/out/vs/workbench/workbench.desktop.main.js:99:821)
    at e.doHandleActiveEditorChangeEvent (file:///usr/share/code/resources/app/out/vs/workbench/workbench.desktop.main.js:5773:318)
    at e.handleActiveEditorChange (file:///usr/share/code/resources/app/out/vs/workbench/workbench.desktop.main.js:5773:116)
    at file:///usr/share/code/resources/app/out/vs/workbench/workbench.desktop.main.js:5773:428
    at e.fire (file:///usr/share/code/resources/app/out/vs/workbench/workbench.desktop.main.js:99:801)
    at file:///usr/share/code/resources/app/out/vs/workbench/workbench.desktop.main.js:5979:990
    at runMicrotasks (<anonymous>)
    at processTicksAndRejections (internal/process/task_queues.js:85:5)
    at async e.openEditor (file:///usr/share/code/resources/app/out/vs/workbench/workbench.desktop.main.js:5978:789)
    at async e.openEditor (file:///usr/share/code/resources/app/out/vs/workbench/workbench.desktop.main.js:5778:356)
    at async _ (file:///usr/share/code/resources/app/out/vs/workbench/workbench.desktop.main.js:6598:138)
[2020-04-22 06:24:26.482] [renderer1] [error] Bad progress location: timeline: Error: Bad progress location: timeline
    at e.withProgress (file:///usr/share/code/resources/app/out/vs/workbench/workbench.desktop.main.js:5496:646)
    at e.handleRequest (file:///usr/share/code/resources/app/out/vs/workbench/workbench.desktop.main.js:7015:834)
    at e.loadTimelineForSource (file:///usr/share/code/resources/app/out/vs/workbench/workbench.desktop.main.js:7015:425)
    at e.loadTimeline (file:///usr/share/code/resources/app/out/vs/workbench/workbench.desktop.main.js:7014:601)
    at e.setUriCore (file:///usr/share/code/resources/app/out/vs/workbench/workbench.desktop.main.js:7011:268)
    at e.onActiveEditorChanged (file:///usr/share/code/resources/app/out/vs/workbench/workbench.desktop.main.js:7012:632)
    at e.fire (file:///usr/share/code/resources/app/out/vs/workbench/workbench.desktop.main.js:99:821)
    at e.doHandleActiveEditorChangeEvent (file:///usr/share/code/resources/app/out/vs/workbench/workbench.desktop.main.js:5773:318)
    at e.handleActiveEditorChange (file:///usr/share/code/resources/app/out/vs/workbench/workbench.desktop.main.js:5773:116)
    at file:///usr/share/code/resources/app/out/vs/workbench/workbench.desktop.main.js:5773:428
    at e.fire (file:///usr/share/code/resources/app/out/vs/workbench/workbench.desktop.main.js:99:801)
    at file:///usr/share/code/resources/app/out/vs/workbench/workbench.desktop.main.js:5979:990
    at async e.openEditor (file:///usr/share/code/resources/app/out/vs/workbench/workbench.desktop.main.js:5978:789)
    at async e.editorOpenHandler (file:///usr/share/code/resources/app/out/vs/workbench/workbench.desktop.main.js:6675:929)
    at async e.openEditor (file:///usr/share/code/resources/app/out/vs/workbench/workbench.desktop.main.js:5785:688)
    at async file:///usr/share/code/resources/app/out/vs/workbench/workbench.desktop.main.js:6651:362
[2020-04-22 06:24:28.509] [renderer1] [error] Bad progress location: timeline: Error: Bad progress location: timeline
    at e.withProgress (file:///usr/share/code/resources/app/out/vs/workbench/workbench.desktop.main.js:5496:646)
    at e.handleRequest (file:///usr/share/code/resources/app/out/vs/workbench/workbench.desktop.main.js:7015:834)
    at e.loadTimelineForSource (file:///usr/share/code/resources/app/out/vs/workbench/workbench.desktop.main.js:7015:425)
    at e.loadTimeline (file:///usr/share/code/resources/app/out/vs/workbench/workbench.desktop.main.js:7014:601)
    at e.setUriCore (file:///usr/share/code/resources/app/out/vs/workbench/workbench.desktop.main.js:7011:268)
    at e.onActiveEditorChanged (file:///usr/share/code/resources/app/out/vs/workbench/workbench.desktop.main.js:7012:632)
    at e.fire (file:///usr/share/code/resources/app/out/vs/workbench/workbench.desktop.main.js:99:821)
    at e.doHandleActiveEditorChangeEvent (file:///usr/share/code/resources/app/out/vs/workbench/workbench.desktop.main.js:5773:318)
    at e.handleActiveEditorChange (file:///usr/share/code/resources/app/out/vs/workbench/workbench.desktop.main.js:5773:116)
    at file:///usr/share/code/resources/app/out/vs/workbench/workbench.desktop.main.js:5773:428
    at e.fire (file:///usr/share/code/resources/app/out/vs/workbench/workbench.desktop.main.js:99:801)
    at file:///usr/share/code/resources/app/out/vs/workbench/workbench.desktop.main.js:5979:990
    at async e.openEditor (file:///usr/share/code/resources/app/out/vs/workbench/workbench.desktop.main.js:5978:789)
    at async e.editorOpenHandler (file:///usr/share/code/resources/app/out/vs/workbench/workbench.desktop.main.js:6675:929)
    at async e.openEditor (file:///usr/share/code/resources/app/out/vs/workbench/workbench.desktop.main.js:5785:688)
    at async file:///usr/share/code/resources/app/out/vs/workbench/workbench.desktop.main.js:6651:362
[2020-04-22 06:29:15.628] [renderer1] [error] Bad progress location: timeline: Error: Bad progress location: timeline
    at e.withProgress (file:///usr/share/code/resources/app/out/vs/workbench/workbench.desktop.main.js:5496:646)
    at e.handleRequest (file:///usr/share/code/resources/app/out/vs/workbench/workbench.desktop.main.js:7015:834)
    at e.loadTimelineForSource (file:///usr/share/code/resources/app/out/vs/workbench/workbench.desktop.main.js:7015:425)
    at e.loadTimeline (file:///usr/share/code/resources/app/out/vs/workbench/workbench.desktop.main.js:7014:601)
    at e.setUriCore (file:///usr/share/code/resources/app/out/vs/workbench/workbench.desktop.main.js:7011:268)
    at e.onActiveEditorChanged (file:///usr/share/code/resources/app/out/vs/workbench/workbench.desktop.main.js:7012:632)
    at e.fire (file:///usr/share/code/resources/app/out/vs/workbench/workbench.desktop.main.js:99:821)
    at e.doHandleActiveEditorChangeEvent (file:///usr/share/code/resources/app/out/vs/workbench/workbench.desktop.main.js:5773:318)
    at e.handleActiveEditorChange (file:///usr/share/code/resources/app/out/vs/workbench/workbench.desktop.main.js:5773:116)
    at file:///usr/share/code/resources/app/out/vs/workbench/workbench.desktop.main.js:5773:428
    at e.fire (file:///usr/share/code/resources/app/out/vs/workbench/workbench.desktop.main.js:99:801)
    at file:///usr/share/code/resources/app/out/vs/workbench/workbench.desktop.main.js:5979:990
    at processTicksAndRejections (internal/process/task_queues.js:85:5)
    at async e.replaceEditors (file:///usr/share/code/resources/app/out/vs/workbench/workbench.desktop.main.js:5986:118)
